This is my first log4j's statement
Diner4 picks up left fork
Diner1 picks up left fork
Diner3 picks up left fork
Diner2 picks up left fork
Diner4 picks up right fork
Diner4 is eating
Diner4 ate for 636ms. Pausing to digest...
Diner4 puts down right fork
Diner4 puts down left fork
Diner4 picks up left fork
Diner4 picks up right fork
Diner4 is eating
Diner4 ate for 473ms. Pausing to digest...
Diner4 puts down right fork
Diner4 puts down left fork
Diner4 picks up left fork
Diner4 picks up right fork
Diner4 is eating
Diner4 ate for 315ms. Pausing to digest...
Diner4 puts down right fork
Diner4 puts down left fork
Diner4 picks up left fork
Diner4 picks up right fork
Diner4 is eating
Diner4 ate for 582ms. Pausing to digest...
Diner4 puts down right fork
Diner4 puts down left fork
Diner4 picks up left fork
Diner4 picks up right fork
Diner4 is eating
Diner4 ate for 49ms. Pausing to digest...
Diner4 puts down right fork
Diner4 puts down left fork
